<?xml version="1.0" encoding="UTF-8"?>
<!-- Generated by org.testng.reporters.JUnitReportReporter -->
<testsuite hostname="DESKTOP-CL04TON" failures="0" tests="1" name="test.TestNG_demo" time="10.708" errors="0" timestamp="14 Apr 2021 21:38:08 GMT">
  <testcase classname="test.TestNG_demo" name="googleSearch" time="10.708"/>
</testsuite> <!-- test.TestNG_demo -->
