<?xml version="1.0" encoding="UTF-8"?>
<!-- Generated by org.testng.reporters.JUnitReportReporter -->
<testsuite hostname="DESKTOP-CL04TON" failures="0" tests="1" name="demo.TestNGParametersDemo" time="0.045" errors="0" timestamp="15 May 2021 16:59:45 GMT">
  <testcase classname="demo.TestNGParametersDemo" name="test" time="0.045"/>
</testsuite> <!-- demo.TestNGParametersDemo -->
