<?xml version="1.0" encoding="UTF-8"?>
<!-- Generated by org.testng.reporters.JUnitReportReporter -->
<testsuite hostname="DESKTOP-CL04TON" failures="0" tests="3" name="demo.TestNGPriorityDemo" time="0.023" errors="0" timestamp="14 May 2021 14:36:40 GMT">
  <testcase classname="demo.TestNGPriorityDemo" name="test2" time="0.002"/>
  <testcase classname="demo.TestNGPriorityDemo" name="test1" time="0.001"/>
  <testcase classname="demo.TestNGPriorityDemo" name="test3" time="0.020"/>
</testsuite> <!-- demo.TestNGPriorityDemo -->
